Type:: pc: hexa  reg_indx: deci, mem_addr: hexa  wdata: deci

REG :: pc= 00000000 	reg_indx=       2  	 wdata=     208
MEM :: pc= 00000004 	mem_addr=000000fc 	 wdata=       x
MEM :: pc= 00000008 	mem_addr=000000f8 	 wdata=       x
REG :: pc= 0000000c 	reg_indx=       8  	 wdata=     256
REG :: pc= 00000010 	reg_indx=      15  	 wdata=       3
MEM :: pc= 00000014 	mem_addr=000000ec 	 wdata=       3
REG :: pc= 00000018 	reg_indx=      15  	 wdata=       7
MEM :: pc= 0000001c 	mem_addr=000000e8 	 wdata=       7
REG :: pc= 00000020 	reg_indx=      15  	 wdata=     160
MEM :: pc= 00000024 	mem_addr=000000e4 	 wdata=     160
REG :: pc= 00000028 	reg_indx=       0  	 wdata=       0
REG :: pc= 00000048 	reg_indx=      14  	 wdata=       3
REG :: pc= 0000004c 	reg_indx=      15  	 wdata=       7
REG :: pc= 0000002c 	reg_indx=      15  	 wdata=     160
REG :: pc= 00000030 	reg_indx=      10  	 wdata=       3
REG :: pc= 00000034 	reg_indx=       1  	 wdata=      56
MEM :: pc= 00000038 	mem_addr=000000e0 	 wdata=       3
REG :: pc= 0000003c 	reg_indx=      14  	 wdata=       3
REG :: pc= 00000040 	reg_indx=      15  	 wdata=       x
REG :: pc= 00000058 	reg_indx=       0  	 wdata=       0
REG :: pc= 0000005c 	reg_indx=      15  	 wdata= 1191936
REG :: pc= 00000060 	reg_indx=      15  	 wdata= 1193046
MEM :: pc= 00000064 	mem_addr=000000d8 	 wdata= 1193046
REG :: pc= 00000068 	reg_indx=      15  	 wdata=    4096
REG :: pc= 0000006c 	reg_indx=      15  	 wdata=       x
REG :: pc= 00000070 	reg_indx=      14  	 wdata= 1193046
MEM :: pc= 00000074 	mem_addr=xxxxxxxx 	 wdata= 1193046
REG :: pc= 00000078 	reg_indx=      15  	 wdata=    4096
REG :: pc= 0000007c 	reg_indx=      15  	 wdata=       x
REG :: pc= 00000080 	reg_indx=      15  	 wdata=       x
MEM :: pc= 00000084 	mem_addr=000000d4 	 wdata=       x
REG :: pc= 00000088 	reg_indx=      15  	 wdata=       0
REG :: pc= 0000008c 	reg_indx=      10  	 wdata=       0
REG :: pc= 00000090 	reg_indx=       1  	 wdata=       x
REG :: pc= 00000094 	reg_indx=       8  	 wdata=       x
REG :: pc= 00000098 	reg_indx=       2  	 wdata=     256
REG :: pc= 0000009c 	reg_indx=       0  	 wdata=     160
REG :: pc= 000000a0 	reg_indx=       2  	 wdata=     224
MEM :: pc= 000000a4 	mem_addr=000000fc 	 wdata=       x
REG :: pc= 000000a8 	reg_indx=       8  	 wdata=     256
MEM :: pc= 000000ac 	mem_addr=000000ec 	 wdata=       0
REG :: pc= 000000b0 	reg_indx=      15  	 wdata=       0
REG :: pc= 000000b4 	reg_indx=      15  	 wdata=       1
REG :: pc= 000000b8 	reg_indx=      10  	 wdata=       1
REG :: pc= 000000bc 	reg_indx=       8  	 wdata=       x
REG :: pc= 000000c0 	reg_indx=       2  	 wdata=     256
REG :: pc= 000000c4 	reg_indx=       0  	 wdata=     200
